<?xml version="1.0" encoding="UTF-8"?>
<!-- Generated by org.testng.reporters.JUnitReportReporter -->
<testsuite skipped="0" hostname="DESKTOP-CPNL6G4" name="com.nopcommerce.user.Level_15_Register_Login_Pattern_Object" tests="2" failures="0" timestamp="22 Jul 2021 17:40:20 GMT" time="20.074" errors="0">
  <testcase name="User_01_Register" time="16.740" classname="com.nopcommerce.user.Level_15_Register_Login_Pattern_Object"/>
  <testcase name="User_02_Login" time="3.334" classname="com.nopcommerce.user.Level_15_Register_Login_Pattern_Object"/>
</testsuite> <!-- com.nopcommerce.user.Level_15_Register_Login_Pattern_Object -->
